#
# A fatal error has been detected by the Java Runtime Environment:
#
#  EXCEPTION_ACCESS_VIOLATION (0xc0000005) at pc=0x00007ffb5dde219e, pid=19104, tid=19688
#
# JRE version:  (17.0.12+8) (build )
# Java VM: Java HotSpot(TM) 64-Bit Server VM (17.0.12+8-LTS-286, mixed mode, sharing, tiered, compressed oops, compressed class ptrs, g1 gc, windows-amd64)
# Problematic frame:
# V  [jvm.dll+0x2c219e]
#
# No core dump will be written. Minidumps are not enabled by default on client versions of Windows
#
#

---------------  S U M M A R Y ------------

Command Line: -Xmx16m org.eclipse.jdt.internal.launching.support.LibraryDetector

Host: Intel(R) Core(TM) i5-10210U CPU @ 1.60GHz, 8 cores, 7G,  Windows 11 , 64 bit Build 26100 (10.0.26100.3775)
Time: Tue Aug  5 05:27:57 2025 India Standard Time elapsed time: 0.096561 seconds (0d 0h 0m 0s)

---------------  T H R E A D  ---------------

Current thread (0x000001f4f8ae9c20):  JavaThread "Unknown thread" [_thread_in_vm, id=19688, stack(0x000000167ba00000,0x000000167bb00000)]

Stack: [0x000000167ba00000,0x000000167bb00000],  sp=0x000000167baff0a0,  free space=1020k
Native frames: (J=compiled Java code, j=interpreted, Vv=VM code, C=native code)
V  [jvm.dll+0x2c219e]
V  [jvm.dll+0x2c2605]
V  [jvm.dll+0x6269d6]
V  [jvm.dll+0x626c03]
V  [jvm.dll+0x6260e3]
V  [jvm.dll+0x621e18]
V  [jvm.dll+0x7aca55]
V  [jvm.dll+0x367591]
V  [jvm.dll+0x78b999]
V  [jvm.dll+0x3ec83f]
V  [jvm.dll+0x3ee471]
C  [jli.dll+0x5297]
C  [ucrtbase.dll+0x37b0]
C  [KERNEL32.DLL+0x2e8d7]
C  [ntdll.dll+0xb14fc]


siginfo: EXCEPTION_ACCESS_VIOLATION (0xc0000005), reading address 0x0000000000000000


Registers:
RAX=0x0000c6447c23af45, RBX=0x0000000000000000, RCX=0x0000000000000000, RDX=0x00007ffb5e415d01
RSP=0x000000167baff0a0, RBP=0x0000000000000001, RSI=0x000001f48f8f5348, RDI=0x0000000000000000
R8 =0x0000000000000001, R9 =0x0000000000000001, R10=0x0000000000000000, R11=0x0000000000000246
R12=0x0000000000000001, R13=0x000001f4f70904b0, R14=0x0000000000000001, R15=0x000001f48f000000
RIP=0x00007ffb5dde219e, EFLAGS=0x0000000000010246


Top of Stack: (sp=0x000000167baff0a0)
0x000000167baff0a0:   000001f48fbd0000 0000000800000000
0x000000167baff0b0:   0000000800bd0000 000001f48f000000
0x000000167baff0c0:   000001f48fbd0000 000001ec8f000000
0x000000167baff0d0:   000000167baff1f0 0000000000000001
0x000000167baff0e0:   0000c6447c23afc5 000001f4f8b391e0
0x000000167baff0f0:   0000c6447c23af45 000001f4f8b391e0
0x000000167baff100:   0000000000000000 00007ffb5dde2605
0x000000167baff110:   000001f48f000000 0000000000000000
0x000000167baff120:   000001f4f8b391e0 0000000000000000
0x000000167baff130:   000001f48f8f5340 0000000000000001
0x000000167baff140:   000001f48f000000 0000000001000000
0x000000167baff150:   0000000000000000 0000000000010000
0x000000167baff160:   0000000000001000 fffffffff8b50800
0x000000167baff170:   0000000000000000 0000000000000003
0x000000167baff180:   0000c6447c23aef5 0000000000000000
0x000000167baff190:   000001f4f70904b0 0000000000000000 

Instructions: (pc=0x00007ffb5dde219e)
0x00007ffb5dde209e:   8e 1d 63 00 e8 29 30 f8 ff 48 8b 0d f2 5d 83 00
0x00007ffb5dde20ae:   48 85 c9 74 22 44 0f b6 83 41 02 00 00 48 8d 0d
0x00007ffb5dde20be:   3e 4c 63 00 0f b6 93 40 02 00 00 e8 62 4f de ff
0x00007ffb5dde20ce:   48 8b 0d cb 5d 83 00 0f b6 05 3b 6e 84 00 38 83
0x00007ffb5dde20de:   40 02 00 00 75 60 0f b6 05 6d 6e 84 00 38 83 41
0x00007ffb5dde20ee:   02 00 00 75 51 80 bb a1 03 00 00 00 75 1f c6 05
0x00007ffb5dde20fe:   ed 29 7f 00 00 48 85 c9 74 13 48 8d 0d f1 4c 63
0x00007ffb5dde210e:   00 e8 1c 4f de ff 48 8b 0d 85 5d 83 00 80 bb a2
0x00007ffb5dde211e:   03 00 00 00 75 18 c6 05 c6 29 7f 00 00 48 85 c9
0x00007ffb5dde212e:   74 0c 48 8d 0d 39 4d 63 00 e8 f4 4e de ff b0 01
0x00007ffb5dde213e:   48 83 c4 20 5b c3 48 8d 0d 15 4c 63 00 e8 c0 d5
0x00007ffb5dde214e:   ff ff 32 c0 48 83 c4 20 5b c3 cc cc cc cc cc cc
0x00007ffb5dde215e:   cc cc 48 89 5c 24 10 48 89 6c 24 18 48 89 74 24
0x00007ffb5dde216e:   20 57 48 83 ec 60 48 8b 05 4d f0 80 00 48 33 c4
0x00007ffb5dde217e:   48 89 44 24 50 80 3d 21 0b 7e 00 00 0f b6 ea 48
0x00007ffb5dde218e:   8b f1 74 17 80 39 00 75 12 48 8b 0d 3a c1 83 00
0x00007ffb5dde219e:   48 8b 01 ff 50 20 48 8b d8 eb 08 48 8b 59 18 48
0x00007ffb5dde21ae:   83 c3 04 48 83 3d 27 c2 83 00 00 40 b7 01 74 0f
0x00007ffb5dde21be:   48 8b d3 48 8d 0d b8 37 63 00 e8 23 b4 f2 ff 48
0x00007ffb5dde21ce:   8d 54 24 20 48 8b cb e8 c6 6a 3b 00 85 c0 74 19
0x00007ffb5dde21de:   40 84 ed 74 14 48 8b d3 48 8d 0d bb 37 63 00 e8
0x00007ffb5dde21ee:   1e d5 ff ff 40 32 ff eb 7a 80 3e 02 75 20 48 8b
0x00007ffb5dde21fe:   cb e8 fc 0f 3b 00 84 c0 75 69 48 8b d3 48 8d 0d
0x00007ffb5dde220e:   c6 37 63 00 e8 f9 d4 ff ff 40 32 ff eb 55 48 8b
0x00007ffb5dde221e:   56 08 4c 8b 44 24 40 48 85 d2 74 05 49 3b d0 75
0x00007ffb5dde222e:   0b 48 63 44 24 34 48 39 46 10 74 37 40 32 ff 40
0x00007ffb5dde223e:   38 3d 6a 6e 84 00 74 1c 49 3b d0 48 8d 05 a8 37
0x00007ffb5dde224e:   63 00 48 8d 0d b9 37 63 00 48 0f 45 c8 e8 b0 d4
0x00007ffb5dde225e:   ff ff eb 0f 48 8b d3 48 8d 0d c4 37 63 00 e8 9f
0x00007ffb5dde226e:   d4 ff ff 80 3d 36 6e 84 00 00 74 10 40 84 ff 75
0x00007ffb5dde227e:   0b c6 05 ab b7 85 00 01 b0 01 eb 04 40 0f b6 c7
0x00007ffb5dde228e:   48 8b 4c 24 50 48 33 cc e8 b5 42 57 00 4c 8d 5c 



---------------  P R O C E S S  ---------------

Threads class SMR info:
_java_thread_list=0x00007ffb5e5d7a18, length=0, elements={
}

Java Threads: ( => current thread )

Other Threads:
  0x000001f4f8b09280 GCTaskThread "GC Thread#0" [stack: 0x000000167bb00000,0x000000167bc00000] [id=25180]
  0x000001f4f8b0a1a0 ConcurrentGCThread "G1 Main Marker" [stack: 0x000000167bc00000,0x000000167bd00000] [id=12600]
  0x000001f4f8b0d3e0 ConcurrentGCThread "G1 Conc#0" [stack: 0x000000167bd00000,0x000000167be00000] [id=5224]
  0x000001f4f8b40340 ConcurrentGCThread "G1 Refine#0" [stack: 0x000000167be00000,0x000000167bf00000] [id=1616]
  0x000001f4f8b42020 ConcurrentGCThread "G1 Service" [stack: 0x000000167bf00000,0x000000167c000000] [id=24476]

=>0x000001f4f8ae9c20 (exited) JavaThread "Unknown thread" [_thread_in_vm, id=19688, stack(0x000000167ba00000,0x000000167bb00000)]

Threads with active compile tasks:

VM state: not at safepoint (not fully initialized)

VM Mutex/Monitor currently owned by a thread: None

Heap address: 0x00000000ff000000, size: 16 MB, Compressed Oops mode: 32-bit

CDS archive(s) mapped at: [0x0000000000000000-0x0000000000000000-0x0000000000000000), size 0, SharedBaseAddress: 0x0000000800000000, ArchiveRelocationMode: 1.
Narrow klass base: 0x0000000000000000, Narrow klass shift: 0, Narrow klass range: 0x0

GC Precious Log:
 CPUs: 8 total, 8 available
 Memory: 8022M
 Large Page Support: Disabled
 NUMA Support: Disabled
 Compressed Oops: Enabled (32-bit)
 Heap Region Size: 1M
 Heap Min Capacity: 8M
 Heap Initial Capacity: 16M
 Heap Max Capacity: 16M
 Pre-touch: Disabled
 Parallel Workers: 8
 Concurrent Workers: 2
 Concurrent Refinement Workers: 8
 Periodic GC: Disabled

Heap:
 garbage-first heap   total 16384K, used 0K [0x00000000ff000000, 0x0000000100000000)
  region size 1024K, 0 young (0K), 0 survivors (0K)

[error occurred during error reporting (printing heap information), id 0xc0000005, EXCEPTION_ACCESS_VIOLATION (0xc0000005) at pc=0x00007ffb5e1f3859]

GC Heap History (0 events):
No events

Deoptimization events (0 events):
No events

Classes unloaded (0 events):
No events

Classes redefined (0 events):
No events

Internal exceptions (0 events):
No events

VM Operations (0 events):
No events

Events (2 events):
Event: 0.028 Loaded shared library C:\Program Files\Java\jdk-17\bin\java.dll
Event: 0.031 Loaded shared library C:\Program Files\Java\jdk-17\bin\zip.dll


Dynamic libraries:
0x00007ff6470c0000 - 0x00007ff6470d0000 	C:\Program Files\Java\jdk-17\bin\javaw.exe
0x00007ffbe13c0000 - 0x00007ffbe1620000 	C:\WINDOWS\SYSTEM32\ntdll.dll
0x00007ffbdfc80000 - 0x00007ffbdfd47000 	C:\WINDOWS\System32\KERNEL32.DLL
0x00007ffbde8a0000 - 0x00007ffbdec6a000 	C:\WINDOWS\System32\KERNELBASE.dll
0x00007ffbd8090000 - 0x00007ffbd812c000 	C:\WINDOWS\SYSTEM32\apphelp.dll
0x00007ffbde720000 - 0x00007ffbde86b000 	C:\WINDOWS\System32\ucrtbase.dll
0x00007ffbd1320000 - 0x00007ffbd1339000 	C:\Program Files\Java\jdk-17\bin\jli.dll
0x00007ffbdf5f0000 - 0x00007ffbdf6a2000 	C:\WINDOWS\System32\ADVAPI32.dll
0x00007ffbe0100000 - 0x00007ffbe01a9000 	C:\WINDOWS\System32\msvcrt.dll
0x00007ffbdfd50000 - 0x00007ffbdfdf6000 	C:\WINDOWS\System32\sechost.dll
0x00007ffbdffe0000 - 0x00007ffbe00f6000 	C:\WINDOWS\System32\RPCRT4.dll
0x00007ffbdfe10000 - 0x00007ffbdffdc000 	C:\WINDOWS\System32\USER32.dll
0x00007ffbde870000 - 0x00007ffbde897000 	C:\WINDOWS\System32\win32u.dll
0x00007ffbe12f0000 - 0x00007ffbe131a000 	C:\WINDOWS\System32\GDI32.dll
0x00007ffbdec70000 - 0x00007ffbdeda1000 	C:\WINDOWS\System32\gdi32full.dll
0x00007ffbdee50000 - 0x00007ffbdeef3000 	C:\WINDOWS\System32\msvcp_win.dll
0x00007ffbc45e0000 - 0x00007ffbc4877000 	C:\WINDOWS\WinSxS\amd64_microsoft.windows.common-controls_6595b64144ccf1df_6.0.26100.3624_none_3e086962e3345f24\COMCTL32.dll
0x00007ffbdde50000 - 0x00007ffbdde5b000 	C:\WINDOWS\SYSTEM32\VERSION.dll
0x00007ffbc8d30000 - 0x00007ffbc8d4b000 	C:\Program Files\Java\jdk-17\bin\VCRUNTIME140.dll
0x00007ffbe09d0000 - 0x00007ffbe09ff000 	C:\WINDOWS\System32\IMM32.DLL
0x0000000066920000 - 0x000000006692c000 	C:\Program Files (x86)\360\Total Security\safemon\SafeWrapper.dll
0x00007ffb7f9c0000 - 0x00007ffb7fa6c000 	C:\Program Files (x86)\360\Total Security\safemon\libzdtp64.dll
0x00007ffbe02a0000 - 0x00007ffbe09c9000 	C:\WINDOWS\System32\SHELL32.dll
0x00007ffbdef00000 - 0x00007ffbdf068000 	C:\WINDOWS\System32\wintypes.dll
0x00007ffbe0f60000 - 0x00007ffbe12e2000 	C:\WINDOWS\System32\combase.dll
0x00007ffbe0ef0000 - 0x00007ffbe0f54000 	C:\WINDOWS\System32\SHLWAPI.dll
0x00007ffbd1430000 - 0x00007ffbd143c000 	C:\Program Files\Java\jdk-17\bin\vcruntime140_1.dll
0x00007ffbb7c60000 - 0x00007ffbb7cee000 	C:\Program Files\Java\jdk-17\bin\msvcp140.dll
0x00007ffb5db20000 - 0x00007ffb5e700000 	C:\Program Files\Java\jdk-17\bin\server\jvm.dll
0x00007ffbdfe00000 - 0x00007ffbdfe08000 	C:\WINDOWS\System32\PSAPI.DLL
0x00007ffbca040000 - 0x00007ffbca076000 	C:\WINDOWS\SYSTEM32\WINMM.dll
0x00007ffbc0c10000 - 0x00007ffbc0c1a000 	C:\WINDOWS\SYSTEM32\WSOCK32.dll
0x00007ffbdf550000 - 0x00007ffbdf5c4000 	C:\WINDOWS\System32\WS2_32.dll
0x00007ffbdd340000 - 0x00007ffbdd35a000 	C:\WINDOWS\SYSTEM32\kernel.appcore.dll
0x00007ffbd1300000 - 0x00007ffbd130a000 	C:\Program Files\Java\jdk-17\bin\jimage.dll
0x00007ffbd8e40000 - 0x00007ffbd9081000 	C:\WINDOWS\SYSTEM32\DBGHELP.DLL
0x00007ffbdfb50000 - 0x00007ffbdfc26000 	C:\WINDOWS\System32\OLEAUT32.dll
0x00007ffbc4040000 - 0x00007ffbc4079000 	C:\WINDOWS\SYSTEM32\dbgcore.DLL
0x00007ffbdedb0000 - 0x00007ffbdee49000 	C:\WINDOWS\System32\bcryptPrimitives.dll
0x00007ffba49d0000 - 0x00007ffba49f5000 	C:\Program Files\Java\jdk-17\bin\java.dll
0x00007ffbb27f0000 - 0x00007ffbb2808000 	C:\Program Files\Java\jdk-17\bin\zip.dll

dbghelp: loaded successfully - version: 4.0.5 - missing functions: none
symbol engine: initialized successfully - sym options: 0x614 - pdb path: .;C:\Program Files\Java\jdk-17\bin;C:\WINDOWS\SYSTEM32;C:\WINDOWS\WinSxS\amd64_microsoft.windows.common-controls_6595b64144ccf1df_6.0.26100.3624_none_3e086962e3345f24;C:\Program Files (x86)\360\Total Security\safemon;C:\Program Files\Java\jdk-17\bin\server

VM Arguments:
jvm_args: -Xmx16m 
java_command: org.eclipse.jdt.internal.launching.support.LibraryDetector
java_class_path (initial): C:\Users\abdul\AppData\Roaming\Code\User\globalStorage\redhat.java\1.44.0\config_win\org.eclipse.osgi\57\0\.cp\lib\launchingsupport.jar
Launcher Type: SUN_STANDARD

[Global flags]
     intx CICompilerCount                          = 4                                         {product} {ergonomic}
     uint ConcGCThreads                            = 2                                         {product} {ergonomic}
     uint G1ConcRefinementThreads                  = 8                                         {product} {ergonomic}
   size_t G1HeapRegionSize                         = 1048576                                   {product} {ergonomic}
    uintx GCDrainStackTargetSize                   = 64                                        {product} {ergonomic}
   size_t InitialHeapSize                          = 16777216                                  {product} {ergonomic}
   size_t MarkStackSize                            = 4194304                                   {product} {ergonomic}
   size_t MaxHeapSize                              = 16777216                                  {product} {command line}
   size_t MaxNewSize                               = 9437184                                   {product} {ergonomic}
   size_t MinHeapDeltaBytes                        = 1048576                                   {product} {ergonomic}
   size_t MinHeapSize                              = 8388608                                   {product} {ergonomic}
    uintx NonNMethodCodeHeapSize                   = 5839372                                {pd product} {ergonomic}
    uintx NonProfiledCodeHeapSize                  = 122909434                              {pd product} {ergonomic}
    uintx ProfiledCodeHeapSize                     = 122909434                              {pd product} {ergonomic}
    uintx ReservedCodeCacheSize                    = 251658240                              {pd product} {ergonomic}
     bool SegmentedCodeCache                       = true                                      {product} {ergonomic}
   size_t SoftMaxHeapSize                          = 16777216                               {manageable} {ergonomic}
     bool UseCompressedClassPointers               = true                           {product lp64_product} {ergonomic}
     bool UseCompressedOops                        = true                           {product lp64_product} {ergonomic}
     bool UseG1GC                                  = true                                      {product} {ergonomic}
     bool UseLargePagesIndividualAllocation        = false                                  {pd product} {ergonomic}

Logging:
Log output configuration:
 #0: stdout all=warning uptime,level,tags
 #1: stderr all=off uptime,level,tags

Environment Variables:
JAVA_HOME=C:\Program Files\Java\jdk-17
PATH=C:\Program Files\Java\jdk-17;C:\Program Files\Common Files\Oracle\Java\javapath;D:\app\abdul\product\11.2.0\dbhome_6\bin;D:\app\abdul\product\11.2.0\dbhome_5\bin;D:\app\abdul\product\11.2.0\dbhome_4\bin;D:\app\abdul\product\11.2.0\dbhome_3\bin;D:\app\abdul\product\11.2.0\dbhome_2\bin;D:\app\abdul\product\11.2.0\dbhome_1\bin;C:\WINDOWS\system32;C:\WINDOWS;C:\WINDOWS\System32\Wbem;C:\WINDOWS\System32\WindowsPowerShell\v1.0\;C:\WINDOWS\System32\OpenSSH\;C:\ProgramData\chocolatey\bin;C:\Program Files\Tailscale\;D:\program\;C:\Program Files\Git\cmd;C:\Program Files\Cloudflare\Cloudflare WARP\;C:\Program Files\Java\jdk-17;D:\scr\program\flutter_windows_3.7.12-stable\flutter\bin;C:\Users\abdul\AppData\Local\Programs\Microsoft VS Code\bin;C:\Users\abdul\AppData\Local\Microsoft\WindowsApps;C:\Users\abdul\AppData\Local\JetBrains\IntelliJ IDEA 2024.1.4\bin;;C:\Users\abdul\AppData\Local\GitHubDesktop\bin;C:\mongosh\;C:\Users\abdul\AppData\Roaming\npm;
USERNAME=abdul
OS=Windows_NT
PROCESSOR_IDENTIFIER=Intel64 Family 6 Model 142 Stepping 12, GenuineIntel



---------------  S Y S T E M  ---------------

OS:
 Windows 11 , 64 bit Build 26100 (10.0.26100.3775)
OS uptime: 0 days 9:17 hours

CPU: total 8 (initial active 8) (4 cores per cpu, 2 threads per core) family 6 model 142 stepping 12 microcode 0xde, cx8, cmov, fxsr, ht, mmx, 3dnowpref, sse, sse2, sse3, ssse3, sse4.1, sse4.2, popcnt, lzcnt, tsc, tscinvbit, avx, avx2, aes, erms, clmul, bmi1, bmi2, adx, fma, vzeroupper, clflush, clflushopt

Memory: 4k page, system-wide physical 8022M (776M free)
TotalPageFile size 21219M (AvailPageFile size 1639M)
current process WorkingSet (physical memory assigned to process): 26M, peak: 26M
current process commit charge ("private bytes"): 88M, peak: 88M

vm_info: Java HotSpot(TM) 64-Bit Server VM (17.0.12+8-LTS-286) for windows-amd64 JRE (17.0.12+8-LTS-286), built on Jun  5 2024 06:46:59 by "mach5one" with MS VC++ 17.6 (VS2022)

END.
